<?xml version="1.0" encoding="utf-8"?><testsuites><testsuite name="pytest" errors="0" failures="1" skipped="0" tests="76" time="2.725" timestamp="2026-03-26T21:41:18.021573" hostname="2e0c49583eeb"><testcase classname="tests.test_auth.TestLogin" name="test_valid_admin_login_returns_token" time="0.231" /><testcase classname="tests.test_auth.TestLogin" name="test_valid_viewer_login_returns_token" time="0.224" /><testcase classname="tests.test_auth.TestLogin" name="test_wrong_password_returns_401" time="0.257" /><testcase classname="tests.test_auth.TestLogin" name="test_unknown_user_returns_401" time="0.003" /><testcase classname="tests.test_auth.TestLogin" name="test_missing_credentials_returns_422" time="0.002" /><testcase classname="tests.test_auth.TestProtectedRoutes" name="test_no_token_returns_401" time="0.002" /><testcase classname="tests.test_auth.TestProtectedRoutes" name="test_invalid_token_returns_401" time="0.002" /><testcase classname="tests.test_auth.TestProtectedRoutes" name="test_malformed_auth_header_returns_401" time="0.002" /><testcase classname="tests.test_auth.TestProtectedRoutes" name="test_valid_token_grants_access" time="0.236" /><testcase classname="tests.test_auth.TestProtectedRoutes" name="test_me_endpoint_returns_correct_user" time="0.003" /><testcase classname="tests.test_auth.TestProtectedRoutes" name="test_viewer_cannot_create_supplier" time="0.228" /><testcase classname="tests.test_data_driven.TestSupplierDataDriven" name="test_supplier_creation_scenarios[SUP_001: Valid supplier - all fields correct]" time="0.024" /><testcase classname="tests.test_data_driven.TestSupplierDataDriven" name="test_supplier_creation_scenarios[SUP_002: Valid supplier - German company]" time="0.010" /><testcase classname="tests.test_data_driven.TestSupplierDataDriven" name="test_supplier_creation_scenarios[SUP_003: Valid supplier - Japanese company]" time="0.012" /><testcase classname="tests.test_data_driven.TestSupplierDataDriven" name="test_supplier_creation_scenarios[SUP_004: Valid supplier - short but valid name]" time="0.011" /><testcase classname="tests.test_data_driven.TestSupplierDataDriven" name="test_supplier_creation_scenarios[SUP_005: Missing name field]" time="0.003" /><testcase classname="tests.test_data_driven.TestSupplierDataDriven" name="test_supplier_creation_scenarios[SUP_006: Missing email field]" time="0.003" /><testcase classname="tests.test_data_driven.TestSupplierDataDriven" name="test_supplier_creation_scenarios[SUP_007: Missing country field]" time="0.003" /><testcase classname="tests.test_data_driven.TestSupplierDataDriven" name="test_supplier_creation_scenarios[SUP_008: Invalid email format - no @ symbol]" time="0.003" /><testcase classname="tests.test_data_driven.TestSupplierDataDriven" name="test_supplier_creation_scenarios[SUP_009: Invalid email format - no domain]" time="0.003" /><testcase classname="tests.test_data_driven.TestSupplierDataDriven" name="test_supplier_creation_scenarios[SUP_010: Invalid email format - no local part]" time="0.006"><failure message="AssertionError: [SUP_010] Invalid email format - no local part&#10;    Payload:  {'name': 'Bad Email Three-a8fe81', 'email': '-a8fe81@nodomain.com', 'country': 'US'}&#10;    Expected: 422&#10;    Got:      201 — {&quot;id&quot;:1,&quot;name&quot;:&quot;Bad Email Three-a8fe81&quot;,&quot;email&quot;:&quot;-a8fe81@nodomain.com&quot;,&quot;country&quot;:&quot;US&quot;,&quot;active&quot;:1}&#10;assert 201 == 422&#10; +  where 201 = &lt;Response [201]&gt;.status_code">self = &lt;tests.test_data_driven.TestSupplierDataDriven object at 0x7feaf6c37d10&gt;
scenario = {'country': 'US', 'description': 'Invalid email format - no local part', 'email': '@nodomain.com', 'expected_status': '422', ...}
admin_headers = {'Authorization': 'Bearer eyJhbGciOiJIUzI1NiIsInR5cCI6IkpXVCJ9.eyJzdWIiOiJhZG1pbiIsImV4cCI6MTc3NDU2NDg3OX0.D-_pLTsAUNXW5C0tY7U_JOzk918K4sL4NGex4FbbrWU'}

    @pytest.mark.parametrize("scenario", load_supplier_scenarios())
    def test_supplier_creation_scenarios(self, scenario, admin_headers):
        """
        One test function, twelve scenarios.
    
        For valid scenarios (expected_status=201), we verify the supplier
        was created and then clean it up. For invalid scenarios, we just
        verify the API rejected the input with the right status code.
    
        The use of uuid guarantees no name/email collisions between runs,
        which matters because the API enforces uniqueness.
        """
        # Append a short UUID to name and email so repeated runs don't
        # collide on unique constraints in the database
        suffix = uuid.uuid4().hex[:6]
        payload = {
            "name":    (scenario["name"]    + f"-{suffix}") if scenario["name"]    else "",
            "email":   scenario["email"].replace("@", f"-{suffix}@") if "@" in scenario.get("email", "") else scenario.get("email", ""),
            "country": scenario["country"],
        }
    
        # Remove empty string keys so we actually test "missing field" behavior
        # (sending an empty string is different from omitting the key entirely)
        payload = {k: v for k, v in payload.items() if v != ""}
    
        expected = int(scenario["expected_status"])
        resp = requests.post(f"{BASE_URL}/suppliers", json=payload, headers=admin_headers)
    
&gt;       assert resp.status_code == expected, (
            f"[{scenario['test_id']}] {scenario['description']}\n"
            f"  Payload:  {payload}\n"
            f"  Expected: {expected}\n"
            f"  Got:      {resp.status_code} — {resp.text}"
        )
E       AssertionError: [SUP_010] Invalid email format - no local part
E           Payload:  {'name': 'Bad Email Three-a8fe81', 'email': '-a8fe81@nodomain.com', 'country': 'US'}
E           Expected: 422
E           Got:      201 — {"id":1,"name":"Bad Email Three-a8fe81","email":"-a8fe81@nodomain.com","country":"US","active":1}
E       assert 201 == 422
E        +  where 201 = &lt;Response [201]&gt;.status_code

tests/test_data_driven.py:87: AssertionError</failure></testcase><testcase classname="tests.test_data_driven.TestSupplierDataDriven" name="test_supplier_creation_scenarios[SUP_011: Very long name - should still be accepted]" time="0.012" /><testcase classname="tests.test_data_driven.TestSupplierDataDriven" name="test_supplier_creation_scenarios[SUP_012: Name with ampersand - valid special char]" time="0.010" /><testcase classname="tests.test_data_driven.TestOrderCalculationDataDriven" name="test_order_total_calculation[ORD_001: Single item, single unit]" time="0.042" /><testcase classname="tests.test_data_driven.TestOrderCalculationDataDriven" name="test_order_total_calculation[ORD_002: Single item, multiple units]" time="0.031" /><testcase classname="tests.test_data_driven.TestOrderCalculationDataDriven" name="test_order_total_calculation[ORD_003: Two items, equal quantities]" time="0.040" /><testcase classname="tests.test_data_driven.TestOrderCalculationDataDriven" name="test_order_total_calculation[ORD_004: Two items, different quantities]" time="0.040" /><testcase classname="tests.test_data_driven.TestOrderCalculationDataDriven" name="test_order_total_calculation[ORD_005: Three items mixed quantities]" time="0.048" /><testcase classname="tests.test_data_driven.TestOrderCalculationDataDriven" name="test_order_total_calculation[ORD_006: Large quantity bulk order]" time="0.031" /><testcase classname="tests.test_data_driven.TestOrderCalculationDataDriven" name="test_order_total_calculation[ORD_007: High unit price single item]" time="0.031" /><testcase classname="tests.test_data_driven.TestOrderCalculationDataDriven" name="test_order_total_calculation[ORD_008: Four line items - comprehensive order]" time="0.055" /><testcase classname="tests.test_items.TestItemCRUD" name="test_create_item_returns_201" time="0.018" /><testcase classname="tests.test_items.TestItemCRUD" name="test_create_item_response_schema" time="0.017" /><testcase classname="tests.test_items.TestItemCRUD" name="test_get_item_by_id" time="0.019" /><testcase classname="tests.test_items.TestItemCRUD" name="test_get_nonexistent_item_returns_404" time="0.003" /><testcase classname="tests.test_items.TestItemCRUD" name="test_list_items_returns_list" time="0.003" /><testcase classname="tests.test_items.TestItemCRUD" name="test_update_item_price" time="0.022" /><testcase classname="tests.test_items.TestItemCRUD" name="test_delete_item" time="0.018" /><testcase classname="tests.test_items.TestItemBusinessRules" name="test_negative_price_returns_422" time="0.011" /><testcase classname="tests.test_items.TestItemBusinessRules" name="test_zero_price_returns_422" time="0.011" /><testcase classname="tests.test_items.TestItemBusinessRules" name="test_duplicate_sku_returns_409" time="0.021" /><testcase classname="tests.test_items.TestItemBusinessRules" name="test_item_with_unknown_supplier_returns_404" time="0.003" /><testcase classname="tests.test_items.TestItemBusinessRules" name="test_viewer_cannot_create_item" time="0.005" /><testcase classname="tests.test_orders.TestOrderCRUD" name="test_create_order_returns_201" time="0.031" /><testcase classname="tests.test_orders.TestOrderCRUD" name="test_order_total_is_calculated_correctly" time="0.031" /><testcase classname="tests.test_orders.TestOrderCRUD" name="test_order_total_multi_line" time="0.039" /><testcase classname="tests.test_orders.TestOrderCRUD" name="test_order_response_schema" time="0.034" /><testcase classname="tests.test_orders.TestOrderCRUD" name="test_get_order_by_id" time="0.034" /><testcase classname="tests.test_orders.TestOrderCRUD" name="test_get_nonexistent_order_returns_404" time="0.003" /><testcase classname="tests.test_orders.TestOrderCRUD" name="test_list_orders_returns_list" time="0.003" /><testcase classname="tests.test_orders.TestOrderStatusTransitions" name="test_pending_to_approved" time="0.037" /><testcase classname="tests.test_orders.TestOrderStatusTransitions" name="test_approved_to_shipped" time="0.041" /><testcase classname="tests.test_orders.TestOrderStatusTransitions" name="test_shipped_to_delivered" time="0.046" /><testcase classname="tests.test_orders.TestOrderStatusTransitions" name="test_pending_to_cancelled" time="0.035" /><testcase classname="tests.test_orders.TestOrderStatusTransitions" name="test_invalid_transition_returns_422" time="0.035" /><testcase classname="tests.test_orders.TestOrderStatusTransitions" name="test_delivered_order_cannot_be_changed" time="0.047" /><testcase classname="tests.test_orders.TestOrderBusinessRules" name="test_item_from_wrong_supplier_returns_422" time="0.030" /><testcase classname="tests.test_orders.TestOrderBusinessRules" name="test_zero_quantity_returns_422" time="0.019" /><testcase classname="tests.test_orders.TestOrderBusinessRules" name="test_cannot_delete_approved_order" time="0.038" /><testcase classname="tests.test_suppliers.TestSupplierCRUD" name="test_create_supplier_returns_201" time="0.010" /><testcase classname="tests.test_suppliers.TestSupplierCRUD" name="test_create_supplier_response_schema" time="0.009" /><testcase classname="tests.test_suppliers.TestSupplierCRUD" name="test_get_supplier_by_id" time="0.011" /><testcase classname="tests.test_suppliers.TestSupplierCRUD" name="test_get_nonexistent_supplier_returns_404" time="0.003" /><testcase classname="tests.test_suppliers.TestSupplierCRUD" name="test_list_suppliers_returns_list" time="0.012" /><testcase classname="tests.test_suppliers.TestSupplierCRUD" name="test_update_supplier_country" time="0.014" /><testcase classname="tests.test_suppliers.TestSupplierCRUD" name="test_update_nonexistent_supplier_returns_404" time="0.003" /><testcase classname="tests.test_suppliers.TestSupplierCRUD" name="test_delete_supplier" time="0.009" /><testcase classname="tests.test_suppliers.TestSupplierCRUD" name="test_delete_nonexistent_supplier_returns_404" time="0.003" /><testcase classname="tests.test_suppliers.TestSupplierBusinessRules" name="test_duplicate_email_returns_409" time="0.012" /><testcase classname="tests.test_suppliers.TestSupplierBusinessRules" name="test_missing_required_fields_returns_422" time="0.002" /><testcase classname="tests.test_suppliers.TestSupplierBusinessRules" name="test_invalid_email_format_returns_422" time="0.002" /><testcase classname="tests.test_suppliers.TestSupplierBusinessRules" name="test_cannot_delete_supplier_with_active_order" time="0.035" /><testcase classname="tests.test_workflows.TestProcurementWorkflow" name="test_full_order_lifecycle" time="0.061" /><testcase classname="tests.test_workflows.TestProcurementWorkflow" name="test_supplier_deactivation_does_not_affect_existing_orders" time="0.039" /><testcase classname="tests.test_workflows.TestProcurementWorkflow" name="test_cross_supplier_order_is_rejected" time="0.029" /><testcase classname="tests.test_workflows.TestProcurementWorkflow" name="test_viewer_can_read_but_not_modify" time="0.051" /></testsuite></testsuites>