<?xml version="1.0" encoding="utf-8"?><testsuites><testsuite name="pytest" errors="0" failures="0" skipped="0" tests="76" time="3.186" timestamp="2026-03-26T21:50:51.154024" hostname="ffd542d4beb6"><testcase classname="tests.test_auth.TestLogin" name="test_valid_admin_login_returns_token" time="0.219" /><testcase classname="tests.test_auth.TestLogin" name="test_valid_viewer_login_returns_token" time="0.240" /><testcase classname="tests.test_auth.TestLogin" name="test_wrong_password_returns_401" time="0.246" /><testcase classname="tests.test_auth.TestLogin" name="test_unknown_user_returns_401" time="0.003" /><testcase classname="tests.test_auth.TestLogin" name="test_missing_credentials_returns_422" time="0.002" /><testcase classname="tests.test_auth.TestProtectedRoutes" name="test_no_token_returns_401" time="0.003" /><testcase classname="tests.test_auth.TestProtectedRoutes" name="test_invalid_token_returns_401" time="0.003" /><testcase classname="tests.test_auth.TestProtectedRoutes" name="test_malformed_auth_header_returns_401" time="0.003" /><testcase classname="tests.test_auth.TestProtectedRoutes" name="test_valid_token_grants_access" time="0.226" /><testcase classname="tests.test_auth.TestProtectedRoutes" name="test_me_endpoint_returns_correct_user" time="0.003" /><testcase classname="tests.test_auth.TestProtectedRoutes" name="test_viewer_cannot_create_supplier" time="0.218" /><testcase classname="tests.test_data_driven.TestSupplierDataDriven" name="test_supplier_creation_scenarios[SUP_001: Valid supplier - all fields correct]" time="0.027" /><testcase classname="tests.test_data_driven.TestSupplierDataDriven" name="test_supplier_creation_scenarios[SUP_002: Valid supplier - German company]" time="0.014" /><testcase classname="tests.test_data_driven.TestSupplierDataDriven" name="test_supplier_creation_scenarios[SUP_003: Valid supplier - Japanese company]" time="0.012" /><testcase classname="tests.test_data_driven.TestSupplierDataDriven" name="test_supplier_creation_scenarios[SUP_004: Valid supplier - short but valid name]" time="0.012" /><testcase classname="tests.test_data_driven.TestSupplierDataDriven" name="test_supplier_creation_scenarios[SUP_005: Missing name field]" time="0.004" /><testcase classname="tests.test_data_driven.TestSupplierDataDriven" name="test_supplier_creation_scenarios[SUP_006: Missing email field]" time="0.003" /><testcase classname="tests.test_data_driven.TestSupplierDataDriven" name="test_supplier_creation_scenarios[SUP_007: Missing country field]" time="0.004" /><testcase classname="tests.test_data_driven.TestSupplierDataDriven" name="test_supplier_creation_scenarios[SUP_008: Invalid email format - no @ symbol]" time="0.003" /><testcase classname="tests.test_data_driven.TestSupplierDataDriven" name="test_supplier_creation_scenarios[SUP_009: Invalid email format - no domain]" time="0.003" /><testcase classname="tests.test_data_driven.TestSupplierDataDriven" name="test_supplier_creation_scenarios[SUP_010: Invalid email format - no local part]" time="0.003" /><testcase classname="tests.test_data_driven.TestSupplierDataDriven" name="test_supplier_creation_scenarios[SUP_011: Very long name - should still be accepted]" time="0.012" /><testcase classname="tests.test_data_driven.TestSupplierDataDriven" name="test_supplier_creation_scenarios[SUP_012: Name with ampersand - valid special char]" time="0.012" /><testcase classname="tests.test_data_driven.TestOrderCalculationDataDriven" name="test_order_total_calculation[ORD_001: Single item, single unit]" time="0.054" /><testcase classname="tests.test_data_driven.TestOrderCalculationDataDriven" name="test_order_total_calculation[ORD_002: Single item, multiple units]" time="0.044" /><testcase classname="tests.test_data_driven.TestOrderCalculationDataDriven" name="test_order_total_calculation[ORD_003: Two items, equal quantities]" time="0.057" /><testcase classname="tests.test_data_driven.TestOrderCalculationDataDriven" name="test_order_total_calculation[ORD_004: Two items, different quantities]" time="0.057" /><testcase classname="tests.test_data_driven.TestOrderCalculationDataDriven" name="test_order_total_calculation[ORD_005: Three items mixed quantities]" time="0.064" /><testcase classname="tests.test_data_driven.TestOrderCalculationDataDriven" name="test_order_total_calculation[ORD_006: Large quantity bulk order]" time="0.040" /><testcase classname="tests.test_data_driven.TestOrderCalculationDataDriven" name="test_order_total_calculation[ORD_007: High unit price single item]" time="0.041" /><testcase classname="tests.test_data_driven.TestOrderCalculationDataDriven" name="test_order_total_calculation[ORD_008: Four line items - comprehensive order]" time="0.074" /><testcase classname="tests.test_items.TestItemCRUD" name="test_create_item_returns_201" time="0.024" /><testcase classname="tests.test_items.TestItemCRUD" name="test_create_item_response_schema" time="0.023" /><testcase classname="tests.test_items.TestItemCRUD" name="test_get_item_by_id" time="0.027" /><testcase classname="tests.test_items.TestItemCRUD" name="test_get_nonexistent_item_returns_404" time="0.004" /><testcase classname="tests.test_items.TestItemCRUD" name="test_list_items_returns_list" time="0.004" /><testcase classname="tests.test_items.TestItemCRUD" name="test_update_item_price" time="0.029" /><testcase classname="tests.test_items.TestItemCRUD" name="test_delete_item" time="0.027" /><testcase classname="tests.test_items.TestItemBusinessRules" name="test_negative_price_returns_422" time="0.015" /><testcase classname="tests.test_items.TestItemBusinessRules" name="test_zero_price_returns_422" time="0.016" /><testcase classname="tests.test_items.TestItemBusinessRules" name="test_duplicate_sku_returns_409" time="0.027" /><testcase classname="tests.test_items.TestItemBusinessRules" name="test_item_with_unknown_supplier_returns_404" time="0.004" /><testcase classname="tests.test_items.TestItemBusinessRules" name="test_viewer_cannot_create_item" time="0.006" /><testcase classname="tests.test_orders.TestOrderCRUD" name="test_create_order_returns_201" time="0.047" /><testcase classname="tests.test_orders.TestOrderCRUD" name="test_order_total_is_calculated_correctly" time="0.044" /><testcase classname="tests.test_orders.TestOrderCRUD" name="test_order_total_multi_line" time="0.057" /><testcase classname="tests.test_orders.TestOrderCRUD" name="test_order_response_schema" time="0.043" /><testcase classname="tests.test_orders.TestOrderCRUD" name="test_get_order_by_id" time="0.046" /><testcase classname="tests.test_orders.TestOrderCRUD" name="test_get_nonexistent_order_returns_404" time="0.004" /><testcase classname="tests.test_orders.TestOrderCRUD" name="test_list_orders_returns_list" time="0.004" /><testcase classname="tests.test_orders.TestOrderStatusTransitions" name="test_pending_to_approved" time="0.048" /><testcase classname="tests.test_orders.TestOrderStatusTransitions" name="test_approved_to_shipped" time="0.056" /><testcase classname="tests.test_orders.TestOrderStatusTransitions" name="test_shipped_to_delivered" time="0.064" /><testcase classname="tests.test_orders.TestOrderStatusTransitions" name="test_pending_to_cancelled" time="0.048" /><testcase classname="tests.test_orders.TestOrderStatusTransitions" name="test_invalid_transition_returns_422" time="0.050" /><testcase classname="tests.test_orders.TestOrderStatusTransitions" name="test_delivered_order_cannot_be_changed" time="0.068" /><testcase classname="tests.test_orders.TestOrderBusinessRules" name="test_item_from_wrong_supplier_returns_422" time="0.042" /><testcase classname="tests.test_orders.TestOrderBusinessRules" name="test_zero_quantity_returns_422" time="0.027" /><testcase classname="tests.test_orders.TestOrderBusinessRules" name="test_cannot_delete_approved_order" time="0.050" /><testcase classname="tests.test_suppliers.TestSupplierCRUD" name="test_create_supplier_returns_201" time="0.015" /><testcase classname="tests.test_suppliers.TestSupplierCRUD" name="test_create_supplier_response_schema" time="0.014" /><testcase classname="tests.test_suppliers.TestSupplierCRUD" name="test_get_supplier_by_id" time="0.017" /><testcase classname="tests.test_suppliers.TestSupplierCRUD" name="test_get_nonexistent_supplier_returns_404" time="0.005" /><testcase classname="tests.test_suppliers.TestSupplierCRUD" name="test_list_suppliers_returns_list" time="0.017" /><testcase classname="tests.test_suppliers.TestSupplierCRUD" name="test_update_supplier_country" time="0.023" /><testcase classname="tests.test_suppliers.TestSupplierCRUD" name="test_update_nonexistent_supplier_returns_404" time="0.005" /><testcase classname="tests.test_suppliers.TestSupplierCRUD" name="test_delete_supplier" time="0.013" /><testcase classname="tests.test_suppliers.TestSupplierCRUD" name="test_delete_nonexistent_supplier_returns_404" time="0.004" /><testcase classname="tests.test_suppliers.TestSupplierBusinessRules" name="test_duplicate_email_returns_409" time="0.020" /><testcase classname="tests.test_suppliers.TestSupplierBusinessRules" name="test_missing_required_fields_returns_422" time="0.004" /><testcase classname="tests.test_suppliers.TestSupplierBusinessRules" name="test_invalid_email_format_returns_422" time="0.004" /><testcase classname="tests.test_suppliers.TestSupplierBusinessRules" name="test_cannot_delete_supplier_with_active_order" time="0.050" /><testcase classname="tests.test_workflows.TestProcurementWorkflow" name="test_full_order_lifecycle" time="0.077" /><testcase classname="tests.test_workflows.TestProcurementWorkflow" name="test_supplier_deactivation_does_not_affect_existing_orders" time="0.048" /><testcase classname="tests.test_workflows.TestProcurementWorkflow" name="test_cross_supplier_order_is_rejected" time="0.036" /><testcase classname="tests.test_workflows.TestProcurementWorkflow" name="test_viewer_can_read_but_not_modify" time="0.062" /></testsuite></testsuites>